2026-04-22 10:34:18   Arguments: Namespace(train_batch_size=32, infer_batch_size=16, criterion='triplet', margin=0.1, epochs_num=15, patience=15, lr=1e-05, lr_encoder=0.0001, lr_crn_net=0.0005, optim='adam', mixed_precision=False, cache_refresh_rate=1000, queries_per_epoch=5000, negs_num_per_query=10, neg_samples_num=1000, mining='partial', backbone='dino', crossimage_encoder=True, l2='before_pool', supervlad_clusters=4, ghost_clusters=1, pca_dim=None, num_non_local=1, non_local=False, channel_bottleneck=128, fc_output_dim=None, pretrain='imagenet', off_the_shelf='imagenet', trunc_te=None, freeze_te=8, seed=0, foundation_model_path='checkpoints/dinov2_vitb14_pretrain.pth', resume='checkpoints/SuperVLAD.pth', device='cuda', num_workers=8, resize=[322, 322], test_method='hard_resize', majority_weight=0.01, efficient_ram_testing=False, val_positive_dist_threshold=25, train_positives_dist_threshold=10, recall_values=[1, 5, 10, 100], brightness=None, contrast=None, saturation=None, hue=None, rand_perspective=None, horizontal_flip=False, random_resized_crop=None, random_rotation=None, eval_datasets_folder='datasets', eval_dataset_name='msls', pca_dataset_folder=None, save_dir='logs/default/2026-04-22_10-34-18', resume_model_only=True, adv_epsilon=0.1, adv_alpha=0.03333333333333333, adv_steps=3, adv_loss_weight=0.25, adv_align_weight=0.05, adv_negatives=5, adv_warmup_epochs=2, adv_margin=0.1, early_stop_min_delta=0.0, tensorboard_dir='logs/default/2026-04-22_10-34-18/tensorboard', save_every=1, gsv_cities_base_path='datasets/gsv_cities')
2026-04-22 10:34:18   The outputs are being saved in logs/default/2026-04-22_10-34-18
2026-04-22 10:34:18   TensorBoard logs will be written to logs/default/2026-04-22_10-34-18/tensorboard
2026-04-22 10:34:18   Using 1 GPUs and 32 CPUs
2026-04-22 10:34:18   Skipping msls train split loading because --resume is set; the checkpoint already provides initialized model weights.
2026-04-22 10:34:21   Val set: < BaseDataset, msls - #database: 18871; #queries: 11084 >
2026-04-22 10:34:35   Test set: < BaseDataset, msls - #database: 36558; #queries: 25622 >
2026-04-22 10:34:35   using MLP layer as FFN
2026-04-22 10:34:36   Loaded model weights from checkpoints/SuperVLAD.pth and reset optimizer, epoch, and early-stopping state.
2026-04-22 10:34:36   Output dimension of the model is 3072
2026-04-22 10:34:37   Using GSV-Cities training data from datasets/gsv_cities
2026-04-22 10:34:37   Start training epoch: 00
2026-04-22 10:43:21   Finished epoch 00 in 0:08:43, average clean loss = 0.1463, adv rank loss = 0.0000, align loss = 0.0000, total loss = 0.1463, adv batches = 0, skipped adv batches = 1954
2026-04-22 10:45:36   Recalls on val set < BaseDataset, msls - #database: 18871; #queries: 11084 >: R@1: 89.5, R@5: 94.6, R@10: 95.8, R@100: 98.0
2026-04-22 10:45:37   Saved latest checkpoint after epoch 01 (best model updated).
2026-04-22 10:45:37   Saved intermediate checkpoint checkpoint_epoch_0001.pth after epoch 01 because --save-every=1.
2026-04-22 10:45:37   Improved: previous best score = -1.0, current score = 184.1, improvement = 185.0852
2026-04-22 10:45:37   Start training epoch: 01
2026-04-22 10:54:22   Finished epoch 01 in 0:08:45, average clean loss = 0.1320, adv rank loss = 0.0000, align loss = 0.0000, total loss = 0.1320, adv batches = 0, skipped adv batches = 1954
2026-04-22 10:56:36   Recalls on val set < BaseDataset, msls - #database: 18871; #queries: 11084 >: R@1: 89.3, R@5: 94.5, R@10: 95.8, R@100: 98.0
2026-04-22 10:56:37   Saved latest checkpoint after epoch 02.
2026-04-22 10:56:37   Saved intermediate checkpoint checkpoint_epoch_0002.pth after epoch 02 because --save-every=1.
2026-04-22 10:56:37   Not improved: 1 / 15, best score = 184.1, current score = 183.8, delta = -0.2707, required delta = 0.0000
2026-04-22 10:56:37   Start training epoch: 02
2026-04-22 11:16:39   Finished epoch 02 in 0:20:01, average clean loss = 0.1630, adv rank loss = 0.1664, align loss = 0.8410, total loss = 0.2467, adv batches = 1954, skipped adv batches = 0
2026-04-22 11:18:54   Recalls on val set < BaseDataset, msls - #database: 18871; #queries: 11084 >: R@1: 87.1, R@5: 93.4, R@10: 94.9, R@100: 97.5
2026-04-22 11:18:54   Saved latest checkpoint after epoch 03.
2026-04-22 11:18:55   Saved intermediate checkpoint checkpoint_epoch_0003.pth after epoch 03 because --save-every=1.
2026-04-22 11:18:55   Not improved: 2 / 15, best score = 184.1, current score = 180.5, delta = -3.5457, required delta = 0.0000
2026-04-22 11:18:55   Start training epoch: 03
2026-04-22 11:38:56   Finished epoch 03 in 0:20:01, average clean loss = 0.1441, adv rank loss = 0.1458, align loss = 0.7995, total loss = 0.2205, adv batches = 1954, skipped adv batches = 0
2026-04-22 11:41:10   Recalls on val set < BaseDataset, msls - #database: 18871; #queries: 11084 >: R@1: 87.3, R@5: 93.4, R@10: 95.0, R@100: 97.5
2026-04-22 11:41:11   Saved latest checkpoint after epoch 04.
2026-04-22 11:41:11   Saved intermediate checkpoint checkpoint_epoch_0004.pth after epoch 04 because --save-every=1.
2026-04-22 11:41:11   Not improved: 3 / 15, best score = 184.1, current score = 180.7, delta = -3.3652, required delta = 0.0000
2026-04-22 11:41:11   Start training epoch: 04
2026-04-22 12:01:12   Finished epoch 04 in 0:20:00, average clean loss = 0.1339, adv rank loss = 0.1393, align loss = 0.8002, total loss = 0.2088, adv batches = 1954, skipped adv batches = 0
2026-04-22 12:03:27   Recalls on val set < BaseDataset, msls - #database: 18871; #queries: 11084 >: R@1: 87.4, R@5: 93.6, R@10: 95.0, R@100: 97.6
2026-04-22 12:03:27   Saved latest checkpoint after epoch 05.
2026-04-22 12:03:28   Saved intermediate checkpoint checkpoint_epoch_0005.pth after epoch 05 because --save-every=1.
2026-04-22 12:03:28   Not improved: 4 / 15, best score = 184.1, current score = 181.0, delta = -3.0585, required delta = 0.0000
2026-04-22 12:03:28   Start training epoch: 05
2026-04-22 12:23:28   Finished epoch 05 in 0:20:00, average clean loss = 0.1280, adv rank loss = 0.1340, align loss = 0.7933, total loss = 0.2012, adv batches = 1954, skipped adv batches = 0
2026-04-22 12:25:45   Recalls on val set < BaseDataset, msls - #database: 18871; #queries: 11084 >: R@1: 87.7, R@5: 93.6, R@10: 95.2, R@100: 97.6
2026-04-22 12:25:45   Saved latest checkpoint after epoch 06.
2026-04-22 12:25:45   Saved intermediate checkpoint checkpoint_epoch_0006.pth after epoch 06 because --save-every=1.
2026-04-22 12:25:45   Not improved: 5 / 15, best score = 184.1, current score = 181.3, delta = -2.7878, required delta = 0.0000
2026-04-22 12:25:45   Start training epoch: 06
2026-04-22 12:45:46   Finished epoch 06 in 0:20:00, average clean loss = 0.1189, adv rank loss = 0.1286, align loss = 0.7892, total loss = 0.1905, adv batches = 1954, skipped adv batches = 0
2026-04-22 12:48:01   Recalls on val set < BaseDataset, msls - #database: 18871; #queries: 11084 >: R@1: 87.5, R@5: 93.4, R@10: 95.0, R@100: 97.5
2026-04-22 12:48:01   Saved latest checkpoint after epoch 07.
2026-04-22 12:48:02   Saved intermediate checkpoint checkpoint_epoch_0007.pth after epoch 07 because --save-every=1.
2026-04-22 12:48:02   Not improved: 6 / 15, best score = 184.1, current score = 180.9, delta = -3.1577, required delta = 0.0000
2026-04-22 12:48:02   Start training epoch: 07
2026-04-22 13:08:02   Finished epoch 07 in 0:20:00, average clean loss = 0.1161, adv rank loss = 0.1266, align loss = 0.7905, total loss = 0.1873, adv batches = 1954, skipped adv batches = 0
2026-04-22 13:10:19   Recalls on val set < BaseDataset, msls - #database: 18871; #queries: 11084 >: R@1: 87.5, R@5: 93.5, R@10: 95.0, R@100: 97.5
2026-04-22 13:10:19   Saved latest checkpoint after epoch 08.
2026-04-22 13:10:20   Saved intermediate checkpoint checkpoint_epoch_0008.pth after epoch 08 because --save-every=1.
2026-04-22 13:10:20   Not improved: 7 / 15, best score = 184.1, current score = 181.0, delta = -3.1036, required delta = 0.0000
2026-04-22 13:10:20   Start training epoch: 08
2026-04-22 13:30:20   Finished epoch 08 in 0:20:00, average clean loss = 0.1133, adv rank loss = 0.1236, align loss = 0.7865, total loss = 0.1835, adv batches = 1954, skipped adv batches = 0
2026-04-22 13:32:36   Recalls on val set < BaseDataset, msls - #database: 18871; #queries: 11084 >: R@1: 87.4, R@5: 93.4, R@10: 95.0, R@100: 97.5
2026-04-22 13:32:37   Saved latest checkpoint after epoch 09.
2026-04-22 13:32:37   Saved intermediate checkpoint checkpoint_epoch_0009.pth after epoch 09 because --save-every=1.
2026-04-22 13:32:37   Not improved: 8 / 15, best score = 184.1, current score = 180.8, delta = -3.2840, required delta = 0.0000
2026-04-22 13:32:37   Start training epoch: 09
2026-04-22 13:52:38   Finished epoch 09 in 0:20:01, average clean loss = 0.1104, adv rank loss = 0.1224, align loss = 0.7845, total loss = 0.1802, adv batches = 1954, skipped adv batches = 0
2026-04-22 13:54:54   Recalls on val set < BaseDataset, msls - #database: 18871; #queries: 11084 >: R@1: 87.6, R@5: 93.5, R@10: 94.9, R@100: 97.5
2026-04-22 13:54:55   Saved latest checkpoint after epoch 10.
2026-04-22 13:54:55   Saved intermediate checkpoint checkpoint_epoch_0010.pth after epoch 10 because --save-every=1.
2026-04-22 13:54:55   Not improved: 9 / 15, best score = 184.1, current score = 181.1, delta = -2.9773, required delta = 0.0000
2026-04-22 13:54:55   Start training epoch: 10
2026-04-22 14:14:56   Finished epoch 10 in 0:20:01, average clean loss = 0.1094, adv rank loss = 0.1214, align loss = 0.7839, total loss = 0.1789, adv batches = 1954, skipped adv batches = 0
2026-04-22 14:17:11   Recalls on val set < BaseDataset, msls - #database: 18871; #queries: 11084 >: R@1: 87.7, R@5: 93.5, R@10: 94.9, R@100: 97.5
2026-04-22 14:17:11   Saved latest checkpoint after epoch 11.
2026-04-22 14:17:12   Saved intermediate checkpoint checkpoint_epoch_0011.pth after epoch 11 because --save-every=1.
2026-04-22 14:17:12   Not improved: 10 / 15, best score = 184.1, current score = 181.2, delta = -2.8870, required delta = 0.0000
2026-04-22 14:17:12   Start training epoch: 11
